2023.07.13 08:36:19 INFO  Started: Metals version 0.11.12 in workspace '/Users/chethiyawanigarathne/Desktop/CS 2.1/RAD/RAD codes/RAD_repo_21002061' for client Visual Studio Code 1.80.0.
Jul 13, 2023 8:36:19 AM org.flywaydb.core.internal.license.VersionPrinter printVersionOnly
INFO: Flyway Community Edition 9.16.3 by Redgate
Jul 13, 2023 8:36:19 AM org.flywaydb.core.internal.license.VersionPrinter printVersion
INFO: See release notes here: https://rd.gt/416ObMi
Jul 13, 2023 8:36:19 AM org.flywaydb.core.internal.license.VersionPrinter printVersion
INFO: 
Jul 13, 2023 8:36:19 AM org.flywaydb.core.internal.database.base.BaseDatabaseType createDatabase
INFO: Database: jdbc:h2:file:/Users/chethiyawanigarathne/Desktop/CS 2.1/RAD/RAD codes/RAD_repo_21002061/.metals/metals (H2 2.1)
Jul 13, 2023 8:36:19 AM org.flywaydb.core.internal.schemahistory.JdbcTableSchemaHistory allAppliedMigrations
INFO: Schema history table "PUBLIC"."flyway_schema_history" does not exist yet
Jul 13, 2023 8:36:19 AM org.flywaydb.core.internal.command.DbValidate validate
INFO: Successfully validated 4 migrations (execution time 00:00.008s)
Jul 13, 2023 8:36:19 AM org.flywaydb.core.internal.schemahistory.JdbcTableSchemaHistory create
INFO: Creating Schema History table "PUBLIC"."flyway_schema_history" ...
Jul 13, 2023 8:36:19 AM org.flywaydb.core.internal.command.DbMigrate migrateGroup
INFO: Current version of schema "PUBLIC": << Empty Schema >>
Jul 13, 2023 8:36:19 AM org.flywaydb.core.internal.command.DbMigrate doMigrateGroup
INFO: Migrating schema "PUBLIC" to version "1 - Create tables"
Jul 13, 2023 8:36:19 AM org.flywaydb.core.internal.command.DbMigrate doMigrateGroup
INFO: Migrating schema "PUBLIC" to version "2 - Server discovery"
Jul 13, 2023 8:36:19 AM org.flywaydb.core.internal.command.DbMigrate doMigrateGroup
INFO: Migrating schema "PUBLIC" to version "3 - Jar symbols"
Jul 13, 2023 8:36:19 AM org.flywaydb.core.internal.command.DbMigrate doMigrateGroup
INFO: Migrating schema "PUBLIC" to version "4 - Fingerprints"
Jul 13, 2023 8:36:19 AM org.flywaydb.core.internal.command.DbMigrate logSummary
INFO: Successfully applied 4 migrations to schema "PUBLIC", now at version v4 (execution time 00:00.039s)
2023.07.13 08:36:19 INFO  time: initialize in 0.4s
2023.07.13 08:36:19 WARN  Build server is not auto-connectable.
2023.07.13 08:36:19 WARN  no build tool detected in workspace '/Users/chethiyawanigarathne/Desktop/CS 2.1/RAD/RAD codes/RAD_repo_21002061'. The most common cause for this problem is that the editor was opened in the wrong working directory, for example if you use sbt then the workspace directory should contain build.sbt. 
2023.07.13 08:36:19 WARN  no build target for: /Users/chethiyawanigarathne/Desktop/CS 2.1/RAD/RAD codes/RAD_repo_21002061/LabSheet05/test.scala
2023.07.13 08:36:23 INFO  no build target found for /Users/chethiyawanigarathne/Desktop/CS 2.1/RAD/RAD codes/RAD_repo_21002061/LabSheet05/test.scala. Using presentation compiler with project's scala-library version: 3.2.2
2023.07.13 08:36:23 INFO  time: code lens generation in 3.65s
2023.07.13 08:38:01 INFO  
2023.07.13 08:38:01 INFO  Template applied in /Users/chethiyawanigarathne/Desktop/CS 2.1/FP/./hello-world
2023.07.13 08:38:01 INFO  
2023.07.13 08:38:01 INFO  time: ran 'giter8.Giter8' in 2.54s
2023.07.13 08:38:11 INFO  Shutting down server
2023.07.13 08:38:11 INFO  shutting down Metals
2023.07.13 08:38:11 INFO  Exiting server
